<?xml version="1.0" encoding="UTF-8"?>
<dataset>
	<PERSONNE ID="1" NAME="userName1" GIVEN_NAME="userGivenName1" BIRTH_DATE="1982-10-04 13:47:33.000" />
	<PERSONNE ID="2" NAME="userName2" GIVEN_NAME="userGivenName2" />
	<PERSONNE ID="3" NAME="userName3" GIVEN_NAME="userGivenName3" BIRTH_DATE="1984-05-22 10:23:37.001" />
</dataset>